<?xml version="1.0" encoding="UTF-8"?>
<testsuite xmlns:xsi="http://www.w3.org/2001/XMLSchema-instance" xsi:noNamespaceSchemaLocation="https://maven.apache.org/surefire/maven-surefire-plugin/xsd/surefire-test-report.xsd" name="TestSuite" time="64.93" tests="7" errors="0" skipped="0" failures="4">
  <properties>
[...]
</properties>
  <testcase name="loginTest" classname="com.banking.testCases.TC_LoginTest_001" time="3.096"/>
  <testcase name="loginDDT" classname="com.banking.testCases.TC_LoginDDT_002" time="4.906"/>
  <testcase name="loginDDT" classname="com.banking.testCases.TC_LoginDDT_002" time="2.174">
    <failure message="expected [true] but found [false]" type="java.lang.AssertionError">java.lang.AssertionError: expected [true] but found [false]
	at com.banking.testCases.TC_LoginDDT_002.loginDDT(TC_LoginDDT_002.java:29)
</failure>
    <system-out><![CDATA[ INFO [main] (TC_LoginDDT_002.java:21)- username provided
 INFO [main] (TC_LoginDDT_002.java:23)- password provided
]]></system-out>
  </testcase>
  <testcase name="loginDDT" classname="com.banking.testCases.TC_LoginDDT_002" time="2.188">
    <failure message="expected [true] but found [false]" type="java.lang.AssertionError">java.lang.AssertionError: expected [true] but found [false]
	at com.banking.testCases.TC_LoginDDT_002.loginDDT(TC_LoginDDT_002.java:29)
</failure>
    <system-out><![CDATA[ INFO [main] (TC_LoginDDT_002.java:21)- username provided
 INFO [main] (TC_LoginDDT_002.java:23)- password provided
]]></system-out>
  </testcase>
  <testcase name="loginDDT" classname="com.banking.testCases.TC_LoginDDT_002" time="2.096">
    <failure message="expected [true] but found [false]" type="java.lang.AssertionError">java.lang.AssertionError: expected [true] but found [false]
	at com.banking.testCases.TC_LoginDDT_002.loginDDT(TC_LoginDDT_002.java:29)
</failure>
    <system-out><![CDATA[ INFO [main] (TC_LoginDDT_002.java:21)- username provided
 INFO [main] (TC_LoginDDT_002.java:23)- password provided
]]></system-out>
  </testcase>
  <testcase name="loginDDT" classname="com.banking.testCases.TC_LoginDDT_002" time="0.201">
    <failure message="Keys to send should be a not null CharSequence" type="java.lang.IllegalArgumentException">java.lang.IllegalArgumentException: Keys to send should be a not null CharSequence
	at com.banking.testCases.TC_LoginDDT_002.loginDDT(TC_LoginDDT_002.java:20)
</failure>
  </testcase>
  <testcase name="addNewCustomer" classname="com.banking.testCases.TC_AddCustomerTest_003" time="25.143"/>
</testsuite>